# JRE version: OpenJDK Runtime Environment Temurin-21.0.8+9 (21.0.8+9) (build 21.0.8+9-LTS)
# Java VM: OpenJDK 64-Bit Server VM Temurin-21.0.8+9 (21.0.8+9-LTS, mixed mode, sharing, tiered, compressed oops, compressed class ptrs, parallel gc, windows-amd64)
GC Precious Log:
 CardTable entry size: 512
 CPUs: 8 total, 8 available
 Memory: 6005M
 Large Page Support: Disabled
 NUMA Support: Disabled
 Compressed Oops: Enabled (32-bit)
 Alignments: Space 512K, Generation 512K, Heap 2M
 Heap Min Capacity: 100M
 Heap Initial Capacity: 100M
 Heap Max Capacity: 2G
 Pre-touch: Disabled
 Parallel Workers: 8
Heap:
 PSYoungGen      total 8192K, used 2395K [0x00000000d5580000, 0x00000000d6000000, 0x0000000100000000)
  eden space 7680K, 29% used [0x00000000d5580000,0x00000000d57aee08,0x00000000d5d00000)
  from space 512K, 31% used [0x00000000d5f80000,0x00000000d5fa8000,0x00000000d6000000)
  to   space 512K, 0% used [0x00000000d5f00000,0x00000000d5f00000,0x00000000d5f80000)
 ParOldGen       total 669696K, used 669604K [0x0000000080000000, 0x00000000a8e00000, 0x00000000d5580000)
  object space 669696K, 99% used [0x0000000080000000,0x00000000a8de9048,0x00000000a8e00000)
 Metaspace       used 95326K, committed 96896K, reserved 1179648K
  class space    used 9462K, committed 10176K, reserved 1048576K
GC Heap History (20 events):
Event: 605798.540 GC heap before
{Heap before GC invocations=12805 (full 15):
 PSYoungGen      total 8192K, used 7680K [0x00000000d5580000, 0x00000000d6000000, 0x0000000100000000)
  eden space 7680K, 100% used [0x00000000d5580000,0x00000000d5d00000,0x00000000d5d00000)
  from space 512K, 0% used [0x00000000d5f80000,0x00000000d5f80000,0x00000000d6000000)
  to   space 512K, 0% used [0x00000000d5f00000,0x00000000d5f00000,0x00000000d5f80000)
 ParOldGen       total 669696K, used 669548K [0x0000000080000000, 0x00000000a8e00000, 0x00000000d5580000)
  object space 669696K, 99% used [0x0000000080000000,0x00000000a8ddb048,0x00000000a8e00000)
 Metaspace       used 95325K, committed 96896K, reserved 1179648K
  class space    used 9462K, committed 10176K, reserved 1048576K
}
Event: 605798.541 GC heap after
{Heap after GC invocations=12805 (full 15):
 PSYoungGen      total 8192K, used 32K [0x00000000d5580000, 0x00000000d6000000, 0x0000000100000000)
  eden space 7680K, 0% used [0x00000000d5580000,0x00000000d5580000,0x00000000d5d00000)
  from space 512K, 6% used [0x00000000d5f00000,0x00000000d5f08000,0x00000000d5f80000)
  to   space 512K, 0% used [0x00000000d5f80000,0x00000000d5f80000,0x00000000d6000000)
 ParOldGen       total 669696K, used 669548K [0x0000000080000000, 0x00000000a8e00000, 0x00000000d5580000)
  object space 669696K, 99% used [0x0000000080000000,0x00000000a8ddb048,0x00000000a8e00000)
 Metaspace       used 95325K, committed 96896K, reserved 1179648K
  class space    used 9462K, committed 10176K, reserved 1048576K
}
Event: 618381.400 GC heap before
{Heap before GC invocations=12806 (full 15):
 PSYoungGen      total 8192K, used 7712K [0x00000000d5580000, 0x00000000d6000000, 0x0000000100000000)
  eden space 7680K, 100% used [0x00000000d5580000,0x00000000d5d00000,0x00000000d5d00000)
  from space 512K, 6% used [0x00000000d5f00000,0x00000000d5f08000,0x00000000d5f80000)
  to   space 512K, 0% used [0x00000000d5f80000,0x00000000d5f80000,0x00000000d6000000)
 ParOldGen       total 669696K, used 669548K [0x0000000080000000, 0x00000000a8e00000, 0x00000000d5580000)
  object space 669696K, 99% used [0x0000000080000000,0x00000000a8ddb048,0x00000000a8e00000)
 Metaspace       used 95326K, committed 96896K, reserved 1179648K
  class space    used 9462K, committed 10176K, reserved 1048576K
}
Event: 618381.658 GC heap after
{Heap after GC invocations=12806 (full 15):
 PSYoungGen      total 8192K, used 192K [0x00000000d5580000, 0x00000000d6000000, 0x0000000100000000)
  eden space 7680K, 0% used [0x00000000d5580000,0x00000000d5580000,0x00000000d5d00000)
  from space 512K, 37% used [0x00000000d5f80000,0x00000000d5fb0000,0x00000000d6000000)
  to   space 512K, 0% used [0x00000000d5f00000,0x00000000d5f00000,0x00000000d5f80000)
 ParOldGen       total 669696K, used 669548K [0x0000000080000000, 0x00000000a8e00000, 0x00000000d5580000)
  object space 669696K, 99% used [0x0000000080000000,0x00000000a8ddb048,0x00000000a8e00000)
 Metaspace       used 95326K, committed 96896K, reserved 1179648K
  class space    used 9462K, committed 10176K, reserved 1048576K
}
Event: 781281.190 GC heap before
{Heap before GC invocations=12807 (full 15):
 PSYoungGen      total 8192K, used 7872K [0x00000000d5580000, 0x00000000d6000000, 0x0000000100000000)
  eden space 7680K, 100% used [0x00000000d5580000,0x00000000d5d00000,0x00000000d5d00000)
  from space 512K, 37% used [0x00000000d5f80000,0x00000000d5fb0000,0x00000000d6000000)
  to   space 512K, 0% used [0x00000000d5f00000,0x00000000d5f00000,0x00000000d5f80000)
 ParOldGen       total 669696K, used 669548K [0x0000000080000000, 0x00000000a8e00000, 0x00000000d5580000)
  object space 669696K, 99% used [0x0000000080000000,0x00000000a8ddb048,0x00000000a8e00000)
 Metaspace       used 95326K, committed 96896K, reserved 1179648K
  class space    used 9462K, committed 10176K, reserved 1048576K
}
Event: 781281.194 GC heap after
{Heap after GC invocations=12807 (full 15):
 PSYoungGen      total 8192K, used 96K [0x00000000d5580000, 0x00000000d6000000, 0x0000000100000000)
  eden space 7680K, 0% used [0x00000000d5580000,0x00000000d5580000,0x00000000d5d00000)
  from space 512K, 18% used [0x00000000d5f00000,0x00000000d5f18000,0x00000000d5f80000)
  to   space 512K, 0% used [0x00000000d5f80000,0x00000000d5f80000,0x00000000d6000000)
 ParOldGen       total 669696K, used 669580K [0x0000000080000000, 0x00000000a8e00000, 0x00000000d5580000)
  object space 669696K, 99% used [0x0000000080000000,0x00000000a8de3048,0x00000000a8e00000)
 Metaspace       used 95326K, committed 96896K, reserved 1179648K
  class space    used 9462K, committed 10176K, reserved 1048576K
}
Event: 781281.206 GC heap before
{Heap before GC invocations=12808 (full 15):
 PSYoungGen      total 8192K, used 7776K [0x00000000d5580000, 0x00000000d6000000, 0x0000000100000000)
  eden space 7680K, 100% used [0x00000000d5580000,0x00000000d5d00000,0x00000000d5d00000)
  from space 512K, 18% used [0x00000000d5f00000,0x00000000d5f18000,0x00000000d5f80000)
  to   space 512K, 0% used [0x00000000d5f80000,0x00000000d5f80000,0x00000000d6000000)
 ParOldGen       total 669696K, used 669580K [0x0000000080000000, 0x00000000a8e00000, 0x00000000d5580000)
  object space 669696K, 99% used [0x0000000080000000,0x00000000a8de3048,0x00000000a8e00000)
 Metaspace       used 95326K, committed 96896K, reserved 1179648K
  class space    used 9462K, committed 10176K, reserved 1048576K
}
Event: 781281.211 GC heap after
{Heap after GC invocations=12808 (full 15):
 PSYoungGen      total 8192K, used 32K [0x00000000d5580000, 0x00000000d6000000, 0x0000000100000000)
  eden space 7680K, 0% used [0x00000000d5580000,0x00000000d5580000,0x00000000d5d00000)
  from space 512K, 6% used [0x00000000d5f80000,0x00000000d5f88000,0x00000000d6000000)
  to   space 512K, 0% used [0x00000000d5f00000,0x00000000d5f00000,0x00000000d5f80000)
 ParOldGen       total 669696K, used 669604K [0x0000000080000000, 0x00000000a8e00000, 0x00000000d5580000)
  object space 669696K, 99% used [0x0000000080000000,0x00000000a8de9048,0x00000000a8e00000)
 Metaspace       used 95326K, committed 96896K, reserved 1179648K
  class space    used 9462K, committed 10176K, reserved 1048576K
}
Event: 781281.226 GC heap before
{Heap before GC invocations=12809 (full 15):
 PSYoungGen      total 8192K, used 7712K [0x00000000d5580000, 0x00000000d6000000, 0x0000000100000000)
  eden space 7680K, 100% used [0x00000000d5580000,0x00000000d5d00000,0x00000000d5d00000)
  from space 512K, 6% used [0x00000000d5f80000,0x00000000d5f88000,0x00000000d6000000)
  to   space 512K, 0% used [0x00000000d5f00000,0x00000000d5f00000,0x00000000d5f80000)
 ParOldGen       total 669696K, used 669604K [0x0000000080000000, 0x00000000a8e00000, 0x00000000d5580000)
  object space 669696K, 99% used [0x0000000080000000,0x00000000a8de9048,0x00000000a8e00000)
 Metaspace       used 95326K, committed 96896K, reserved 1179648K
  class space    used 9462K, committed 10176K, reserved 1048576K
}
Event: 781281.229 GC heap after
{Heap after GC invocations=12809 (full 15):
 PSYoungGen      total 8192K, used 32K [0x00000000d5580000, 0x00000000d6000000, 0x0000000100000000)
  eden space 7680K, 0% used [0x00000000d5580000,0x00000000d5580000,0x00000000d5d00000)
  from space 512K, 6% used [0x00000000d5f00000,0x00000000d5f08000,0x00000000d5f80000)
  to   space 512K, 0% used [0x00000000d5f80000,0x00000000d5f80000,0x00000000d6000000)
 ParOldGen       total 669696K, used 669604K [0x0000000080000000, 0x00000000a8e00000, 0x00000000d5580000)
  object space 669696K, 99% used [0x0000000080000000,0x00000000a8de9048,0x00000000a8e00000)
 Metaspace       used 95326K, committed 96896K, reserved 1179648K
  class space    used 9462K, committed 10176K, reserved 1048576K
}
Event: 781281.276 GC heap before
{Heap before GC invocations=12810 (full 15):
 PSYoungGen      total 8192K, used 7712K [0x00000000d5580000, 0x00000000d6000000, 0x0000000100000000)
  eden space 7680K, 100% used [0x00000000d5580000,0x00000000d5d00000,0x00000000d5d00000)
  from space 512K, 6% used [0x00000000d5f00000,0x00000000d5f08000,0x00000000d5f80000)
  to   space 512K, 0% used [0x00000000d5f80000,0x00000000d5f80000,0x00000000d6000000)
 ParOldGen       total 669696K, used 669604K [0x0000000080000000, 0x00000000a8e00000, 0x00000000d5580000)
  object space 669696K, 99% used [0x0000000080000000,0x00000000a8de9048,0x00000000a8e00000)
 Metaspace       used 95326K, committed 96896K, reserved 1179648K
  class space    used 9462K, committed 10176K, reserved 1048576K
}
Event: 781281.277 GC heap after
{Heap after GC invocations=12810 (full 15):
 PSYoungGen      total 8192K, used 32K [0x00000000d5580000, 0x00000000d6000000, 0x0000000100000000)
  eden space 7680K, 0% used [0x00000000d5580000,0x00000000d5580000,0x00000000d5d00000)
  from space 512K, 6% used [0x00000000d5f80000,0x00000000d5f88000,0x00000000d6000000)
  to   space 512K, 0% used [0x00000000d5f00000,0x00000000d5f00000,0x00000000d5f80000)
 ParOldGen       total 669696K, used 669604K [0x0000000080000000, 0x00000000a8e00000, 0x00000000d5580000)
  object space 669696K, 99% used [0x0000000080000000,0x00000000a8de9048,0x00000000a8e00000)
 Metaspace       used 95326K, committed 96896K, reserved 1179648K
  class space    used 9462K, committed 10176K, reserved 1048576K
}
Event: 781281.288 GC heap before
{Heap before GC invocations=12811 (full 15):
 PSYoungGen      total 8192K, used 7712K [0x00000000d5580000, 0x00000000d6000000, 0x0000000100000000)
  eden space 7680K, 100% used [0x00000000d5580000,0x00000000d5d00000,0x00000000d5d00000)
  from space 512K, 6% used [0x00000000d5f80000,0x00000000d5f88000,0x00000000d6000000)
  to   space 512K, 0% used [0x00000000d5f00000,0x00000000d5f00000,0x00000000d5f80000)
 ParOldGen       total 669696K, used 669604K [0x0000000080000000, 0x00000000a8e00000, 0x00000000d5580000)
  object space 669696K, 99% used [0x0000000080000000,0x00000000a8de9048,0x00000000a8e00000)
 Metaspace       used 95326K, committed 96896K, reserved 1179648K
  class space    used 9462K, committed 10176K, reserved 1048576K
}
Event: 781281.290 GC heap after
{Heap after GC invocations=12811 (full 15):
 PSYoungGen      total 8192K, used 32K [0x00000000d5580000, 0x00000000d6000000, 0x0000000100000000)
  eden space 7680K, 0% used [0x00000000d5580000,0x00000000d5580000,0x00000000d5d00000)
  from space 512K, 6% used [0x00000000d5f00000,0x00000000d5f08000,0x00000000d5f80000)
  to   space 512K, 0% used [0x00000000d5f80000,0x00000000d5f80000,0x00000000d6000000)
 ParOldGen       total 669696K, used 669604K [0x0000000080000000, 0x00000000a8e00000, 0x00000000d5580000)
  object space 669696K, 99% used [0x0000000080000000,0x00000000a8de9048,0x00000000a8e00000)
 Metaspace       used 95326K, committed 96896K, reserved 1179648K
  class space    used 9462K, committed 10176K, reserved 1048576K
}
Event: 781281.306 GC heap before
{Heap before GC invocations=12812 (full 15):
 PSYoungGen      total 8192K, used 7712K [0x00000000d5580000, 0x00000000d6000000, 0x0000000100000000)
  eden space 7680K, 100% used [0x00000000d5580000,0x00000000d5d00000,0x00000000d5d00000)
  from space 512K, 6% used [0x00000000d5f00000,0x00000000d5f08000,0x00000000d5f80000)
  to   space 512K, 0% used [0x00000000d5f80000,0x00000000d5f80000,0x00000000d6000000)
 ParOldGen       total 669696K, used 669604K [0x0000000080000000, 0x00000000a8e00000, 0x00000000d5580000)
  object space 669696K, 99% used [0x0000000080000000,0x00000000a8de9048,0x00000000a8e00000)
 Metaspace       used 95326K, committed 96896K, reserved 1179648K
  class space    used 9462K, committed 10176K, reserved 1048576K
}
Event: 781281.310 GC heap after
{Heap after GC invocations=12812 (full 15):
 PSYoungGen      total 8192K, used 32K [0x00000000d5580000, 0x00000000d6000000, 0x0000000100000000)
  eden space 7680K, 0% used [0x00000000d5580000,0x00000000d5580000,0x00000000d5d00000)
  from space 512K, 6% used [0x00000000d5f80000,0x00000000d5f88000,0x00000000d6000000)
  to   space 512K, 0% used [0x00000000d5f00000,0x00000000d5f00000,0x00000000d5f80000)
 ParOldGen       total 669696K, used 669604K [0x0000000080000000, 0x00000000a8e00000, 0x00000000d5580000)
  object space 669696K, 99% used [0x0000000080000000,0x00000000a8de9048,0x00000000a8e00000)
 Metaspace       used 95326K, committed 96896K, reserved 1179648K
  class space    used 9462K, committed 10176K, reserved 1048576K
}
Event: 781281.330 GC heap before
{Heap before GC invocations=12813 (full 15):
 PSYoungGen      total 8192K, used 7712K [0x00000000d5580000, 0x00000000d6000000, 0x0000000100000000)
  eden space 7680K, 100% used [0x00000000d5580000,0x00000000d5d00000,0x00000000d5d00000)
  from space 512K, 6% used [0x00000000d5f80000,0x00000000d5f88000,0x00000000d6000000)
  to   space 512K, 0% used [0x00000000d5f00000,0x00000000d5f00000,0x00000000d5f80000)
 ParOldGen       total 669696K, used 669604K [0x0000000080000000, 0x00000000a8e00000, 0x00000000d5580000)
  object space 669696K, 99% used [0x0000000080000000,0x00000000a8de9048,0x00000000a8e00000)
 Metaspace       used 95326K, committed 96896K, reserved 1179648K
  class space    used 9462K, committed 10176K, reserved 1048576K
}
Event: 781281.332 GC heap after
{Heap after GC invocations=12813 (full 15):
 PSYoungGen      total 8192K, used 0K [0x00000000d5580000, 0x00000000d6000000, 0x0000000100000000)
  eden space 7680K, 0% used [0x00000000d5580000,0x00000000d5580000,0x00000000d5d00000)
  from space 512K, 0% used [0x00000000d5f00000,0x00000000d5f00000,0x00000000d5f80000)
  to   space 512K, 0% used [0x00000000d5f80000,0x00000000d5f80000,0x00000000d6000000)
 ParOldGen       total 669696K, used 669604K [0x0000000080000000, 0x00000000a8e00000, 0x00000000d5580000)
  object space 669696K, 99% used [0x0000000080000000,0x00000000a8de9048,0x00000000a8e00000)
 Metaspace       used 95326K, committed 96896K, reserved 1179648K
  class space    used 9462K, committed 10176K, reserved 1048576K
}
Event: 797508.090 GC heap before
{Heap before GC invocations=12814 (full 15):
 PSYoungGen      total 8192K, used 7680K [0x00000000d5580000, 0x00000000d6000000, 0x0000000100000000)
  eden space 7680K, 100% used [0x00000000d5580000,0x00000000d5d00000,0x00000000d5d00000)
  from space 512K, 0% used [0x00000000d5f00000,0x00000000d5f00000,0x00000000d5f80000)
  to   space 512K, 0% used [0x00000000d5f80000,0x00000000d5f80000,0x00000000d6000000)
 ParOldGen       total 669696K, used 669604K [0x0000000080000000, 0x00000000a8e00000, 0x00000000d5580000)
  object space 669696K, 99% used [0x0000000080000000,0x00000000a8de9048,0x00000000a8e00000)
 Metaspace       used 95326K, committed 96896K, reserved 1179648K
  class space    used 9462K, committed 10176K, reserved 1048576K
}
Event: 797508.319 GC heap after
{Heap after GC invocations=12814 (full 15):
 PSYoungGen      total 8192K, used 160K [0x00000000d5580000, 0x00000000d6000000, 0x0000000100000000)
  eden space 7680K, 0% used [0x00000000d5580000,0x00000000d5580000,0x00000000d5d00000)
  from space 512K, 31% used [0x00000000d5f80000,0x00000000d5fa8000,0x00000000d6000000)
  to   space 512K, 0% used [0x00000000d5f00000,0x00000000d5f00000,0x00000000d5f80000)
 ParOldGen       total 669696K, used 669604K [0x0000000080000000, 0x00000000a8e00000, 0x00000000d5580000)
  object space 669696K, 99% used [0x0000000080000000,0x00000000a8de9048,0x00000000a8e00000)
 Metaspace       used 95326K, committed 96896K, reserved 1179648K
  class space    used 9462K, committed 10176K, reserved 1048576K
}

